h:\v2p项目程序\pc5\v2v_route_broadcast\v2v_route_broadcast_git\x64\release\vc140.pdb
h:\v2p项目程序\pc5\v2v_route_broadcast\v2v_route_broadcast_git\x64\release\wt.obj
h:\v2p项目程序\pc5\v2v_route_broadcast\v2v_route_broadcast_git\x64\release\vue_physics.obj
h:\v2p项目程序\pc5\v2v_route_broadcast\v2v_route_broadcast_git\x64\release\vue.obj
h:\v2p项目程序\pc5\v2v_route_broadcast\v2v_route_broadcast_git\x64\release\tmc.obj
h:\v2p项目程序\pc5\v2v_route_broadcast\v2v_route_broadcast_git\x64\release\system_control.obj
h:\v2p项目程序\pc5\v2v_route_broadcast\v2v_route_broadcast_git\x64\release\route_udp.obj
h:\v2p项目程序\pc5\v2v_route_broadcast\v2v_route_broadcast_git\x64\release\object.obj
h:\v2p项目程序\pc5\v2v_route_broadcast\v2v_route_broadcast_git\x64\release\invoke.obj
h:\v2p项目程序\pc5\v2v_route_broadcast\v2v_route_broadcast_git\x64\release\context.obj
h:\v2p项目程序\pc5\v2v_route_broadcast\v2v_route_broadcast_git\x64\release\bean_loader.obj
h:\v2p项目程序\pc5\v2v_route_broadcast\v2v_route_broadcast_git\x64\release\bean_definition.obj
h:\v2p项目程序\pc5\v2v_route_broadcast\v2v_route_broadcast_git\x64\release\main.obj
h:\v2p项目程序\pc5\v2v_route_broadcast\v2v_route_broadcast_git\x64\release\imta.obj
h:\v2p项目程序\pc5\v2v_route_broadcast\v2v_route_broadcast_git\x64\release\gtt_urban.obj
h:\v2p项目程序\pc5\v2v_route_broadcast\v2v_route_broadcast_git\x64\release\gtt_highspeed.obj
h:\v2p项目程序\pc5\v2v_route_broadcast\v2v_route_broadcast_git\x64\release\v2v_route_broadcast.exe
h:\v2p项目程序\pc5\v2v_route_broadcast\v2v_route_broadcast_git\x64\release\v2v_route_broadcast.ipdb
h:\v2p项目程序\pc5\v2v_route_broadcast\v2v_route_broadcast_git\x64\release\v2v_route_broadcast.iobj
h:\v2p项目程序\pc5\v2v_route_broadcast\v2v_route_broadcast_git\x64\release\v2v_route_broadcast.pdb
h:\v2p项目程序\pc5\v2v_route_broadcast\v2v_route_broadcast_git\x64\release\v2v_rout.6ddf7f4d.tlog\cl.command.1.tlog
h:\v2p项目程序\pc5\v2v_route_broadcast\v2v_route_broadcast_git\x64\release\v2v_rout.6ddf7f4d.tlog\cl.read.1.tlog
h:\v2p项目程序\pc5\v2v_route_broadcast\v2v_route_broadcast_git\x64\release\v2v_rout.6ddf7f4d.tlog\cl.write.1.tlog
h:\v2p项目程序\pc5\v2v_route_broadcast\v2v_route_broadcast_git\x64\release\v2v_rout.6ddf7f4d.tlog\link.command.1.tlog
h:\v2p项目程序\pc5\v2v_route_broadcast\v2v_route_broadcast_git\x64\release\v2v_rout.6ddf7f4d.tlog\link.read.1.tlog
h:\v2p项目程序\pc5\v2v_route_broadcast\v2v_route_broadcast_git\x64\release\v2v_rout.6ddf7f4d.tlog\link.write.1.tlog
