h:\v2p项目程序\pc5\v2v_route_broadcast\v2v_route_broadcast_1227_two_part2\v2v_route_broadcast\x64\debug\vc140.pdb
h:\v2p项目程序\pc5\v2v_route_broadcast\v2v_route_broadcast_1227_two_part2\v2v_route_broadcast\x64\debug\vc140.idb
h:\v2p项目程序\pc5\v2v_route_broadcast\v2v_route_broadcast_1227_two_part2\v2v_route_broadcast\x64\debug\gtt_highspeed.obj
h:\v2p项目程序\pc5\v2v_route_broadcast\v2v_route_broadcast_1227_two_part2\v2v_route_broadcast\x64\debug\gtt_urban.obj
h:\v2p项目程序\pc5\v2v_route_broadcast\v2v_route_broadcast_1227_two_part2\v2v_route_broadcast\x64\debug\imta.obj
h:\v2p项目程序\pc5\v2v_route_broadcast\v2v_route_broadcast_1227_two_part2\v2v_route_broadcast\x64\debug\main.obj
h:\v2p项目程序\pc5\v2v_route_broadcast\v2v_route_broadcast_1227_two_part2\v2v_route_broadcast\x64\debug\bean_definition.obj
h:\v2p项目程序\pc5\v2v_route_broadcast\v2v_route_broadcast_1227_two_part2\v2v_route_broadcast\x64\debug\bean_loader.obj
h:\v2p项目程序\pc5\v2v_route_broadcast\v2v_route_broadcast_1227_two_part2\v2v_route_broadcast\x64\debug\context.obj
h:\v2p项目程序\pc5\v2v_route_broadcast\v2v_route_broadcast_1227_two_part2\v2v_route_broadcast\x64\debug\invoke.obj
h:\v2p项目程序\pc5\v2v_route_broadcast\v2v_route_broadcast_1227_two_part2\v2v_route_broadcast\x64\debug\object.obj
h:\v2p项目程序\pc5\v2v_route_broadcast\v2v_route_broadcast_1227_two_part2\v2v_route_broadcast\x64\debug\route_udp.obj
h:\v2p项目程序\pc5\v2v_route_broadcast\v2v_route_broadcast_1227_two_part2\v2v_route_broadcast\x64\debug\system_control.obj
h:\v2p项目程序\pc5\v2v_route_broadcast\v2v_route_broadcast_1227_two_part2\v2v_route_broadcast\x64\debug\tmc.obj
h:\v2p项目程序\pc5\v2v_route_broadcast\v2v_route_broadcast_1227_two_part2\v2v_route_broadcast\x64\debug\vue.obj
h:\v2p项目程序\pc5\v2v_route_broadcast\v2v_route_broadcast_1227_two_part2\v2v_route_broadcast\x64\debug\vue_physics.obj
h:\v2p项目程序\pc5\v2v_route_broadcast\v2v_route_broadcast_1227_two_part2\v2v_route_broadcast\x64\debug\wt.obj
h:\v2p项目程序\pc5\v2v_route_broadcast\v2v_route_broadcast_1227_two_part2\x64\debug\v2v_route_broadcast.ilk
h:\v2p项目程序\pc5\v2v_route_broadcast\v2v_route_broadcast_1227_two_part2\x64\debug\v2v_route_broadcast.exe
h:\v2p项目程序\pc5\v2v_route_broadcast\v2v_route_broadcast_1227_two_part2\x64\debug\v2v_route_broadcast.pdb
h:\v2p项目程序\pc5\v2v_route_broadcast\v2v_route_broadcast_git\x64\debug\bean_definition.obj
h:\v2p项目程序\pc5\v2v_route_broadcast\v2v_route_broadcast_git\x64\debug\bean_loader.obj
h:\v2p项目程序\pc5\v2v_route_broadcast\v2v_route_broadcast_git\x64\debug\context.obj
h:\v2p项目程序\pc5\v2v_route_broadcast\v2v_route_broadcast_git\x64\debug\gtt_highspeed.obj
h:\v2p项目程序\pc5\v2v_route_broadcast\v2v_route_broadcast_git\x64\debug\gtt_urban.obj
h:\v2p项目程序\pc5\v2v_route_broadcast\v2v_route_broadcast_git\x64\debug\imta.obj
h:\v2p项目程序\pc5\v2v_route_broadcast\v2v_route_broadcast_git\x64\debug\invoke.obj
h:\v2p项目程序\pc5\v2v_route_broadcast\v2v_route_broadcast_git\x64\debug\main.obj
h:\v2p项目程序\pc5\v2v_route_broadcast\v2v_route_broadcast_git\x64\debug\object.obj
h:\v2p项目程序\pc5\v2v_route_broadcast\v2v_route_broadcast_git\x64\debug\route_udp.obj
h:\v2p项目程序\pc5\v2v_route_broadcast\v2v_route_broadcast_git\x64\debug\system_control.obj
h:\v2p项目程序\pc5\v2v_route_broadcast\v2v_route_broadcast_git\x64\debug\tmc.obj
h:\v2p项目程序\pc5\v2v_route_broadcast\v2v_route_broadcast_git\x64\debug\vue.obj
h:\v2p项目程序\pc5\v2v_route_broadcast\v2v_route_broadcast_git\x64\debug\vue_physics.obj
h:\v2p项目程序\pc5\v2v_route_broadcast\v2v_route_broadcast_git\x64\debug\wt.obj
h:\v2p项目程序\pc5\v2v_route_broadcast\v2v_route_broadcast_git\x64\debug\vc140.idb
h:\v2p项目程序\pc5\v2v_route_broadcast\v2v_route_broadcast_git\x64\debug\vc140.pdb
h:\v2p项目程序\pc5\v2v_route_broadcast\v2v_route_broadcast_git\x64\debug\v2v_rout.6ddf7f4d.tlog\cl.command.1.tlog
h:\v2p项目程序\pc5\v2v_route_broadcast\v2v_route_broadcast_git\x64\debug\v2v_rout.6ddf7f4d.tlog\cl.read.1.tlog
h:\v2p项目程序\pc5\v2v_route_broadcast\v2v_route_broadcast_git\x64\debug\v2v_rout.6ddf7f4d.tlog\cl.write.1.tlog
h:\v2p项目程序\pc5\v2v_route_broadcast\v2v_route_broadcast_git\x64\debug\v2v_rout.6ddf7f4d.tlog\link.command.1.tlog
h:\v2p项目程序\pc5\v2v_route_broadcast\v2v_route_broadcast_git\x64\debug\v2v_rout.6ddf7f4d.tlog\link.read.1.tlog
h:\v2p项目程序\pc5\v2v_route_broadcast\v2v_route_broadcast_git\x64\debug\v2v_rout.6ddf7f4d.tlog\link.write.1.tlog
